Performing C SOURCE FILE Test CMAKE_HAVE_LIBC_PTHREAD failed with the following output:
Change Dir: /home/grt/ls/reality/depends/third_party/lcm2/build_rk3326/CMakeFiles/CMakeTmp

Run Build Command(s):/usr/bin/make cmTC_bea0d/fast && /usr/bin/make -f CMakeFiles/cmTC_bea0d.dir/build.make CMakeFiles/cmTC_bea0d.dir/build
make[1]: Entering directory '/home/grt/ls/reality/depends/third_party/lcm2/build_rk3326/CMakeFiles/CMakeTmp'
Building C object CMakeFiles/cmTC_bea0d.dir/src.c.o
/home/grt/ls/reality/depends/rk3266/host/bin/aarch64-linux-gcc   -std=gnu99 -Wno-format-zero-length -DCMAKE_HAVE_LIBC_PTHREAD   -O3 -s -Wno-multichar -o CMakeFiles/cmTC_bea0d.dir/src.c.o   -c /home/grt/ls/reality/depends/third_party/lcm2/build_rk3326/CMakeFiles/CMakeTmp/src.c
Linking C executable cmTC_bea0d
/usr/bin/cmake -E cmake_link_script CMakeFiles/cmTC_bea0d.dir/link.txt --verbose=1
/home/grt/ls/reality/depends/rk3266/host/bin/aarch64-linux-gcc  -std=gnu99 -Wno-format-zero-length -DCMAKE_HAVE_LIBC_PTHREAD    -rdynamic -Wl,-rpath-link,/home/grt/ls/reality/depends/rk3266/common/arm64/lib CMakeFiles/cmTC_bea0d.dir/src.c.o  -o cmTC_bea0d 
/home/grt/ls/reality/depends/rk3266/host/bin/../lib/gcc/aarch64-rk3326-linux-gnu/10.3.0/../../../../aarch64-rk3326-linux-gnu/bin/ld: CMakeFiles/cmTC_bea0d.dir/src.c.o: in function `main':
src.c:(.text.startup+0x1c): undefined reference to `pthread_create'
/home/grt/ls/reality/depends/rk3266/host/bin/../lib/gcc/aarch64-rk3326-linux-gnu/10.3.0/../../../../aarch64-rk3326-linux-gnu/bin/ld: src.c:(.text.startup+0x24): undefined reference to `pthread_detach'
/home/grt/ls/reality/depends/rk3266/host/bin/../lib/gcc/aarch64-rk3326-linux-gnu/10.3.0/../../../../aarch64-rk3326-linux-gnu/bin/ld: src.c:(.text.startup+0x30): undefined reference to `pthread_join'
collect2: error: ld returned 1 exit status
make[1]: *** [CMakeFiles/cmTC_bea0d.dir/build.make:87: cmTC_bea0d] Error 1
make[1]: Leaving directory '/home/grt/ls/reality/depends/third_party/lcm2/build_rk3326/CMakeFiles/CMakeTmp'
make: *** [Makefile:121: cmTC_bea0d/fast] Error 2


Source file was:
#include <pthread.h>

void* test_func(void* data)
{
  return data;
}

int main(void)
{
  pthread_t thread;
  pthread_create(&thread, NULL, test_func, NULL);
  pthread_detach(thread);
  pthread_join(thread, NULL);
  pthread_atfork(NULL, NULL, NULL);
  pthread_exit(NULL);

  return 0;
}

Determining if the function pthread_create exists in the pthreads failed with the following output:
Change Dir: /home/grt/ls/reality/depends/third_party/lcm2/build_rk3326/CMakeFiles/CMakeTmp

Run Build Command(s):/usr/bin/make cmTC_d4277/fast && /usr/bin/make -f CMakeFiles/cmTC_d4277.dir/build.make CMakeFiles/cmTC_d4277.dir/build
make[1]: Entering directory '/home/grt/ls/reality/depends/third_party/lcm2/build_rk3326/CMakeFiles/CMakeTmp'
Building C object CMakeFiles/cmTC_d4277.dir/CheckFunctionExists.c.o
/home/grt/ls/reality/depends/rk3266/host/bin/aarch64-linux-gcc   -std=gnu99 -Wno-format-zero-length -DCHECK_FUNCTION_EXISTS=pthread_create   -O3 -s -Wno-multichar -o CMakeFiles/cmTC_d4277.dir/CheckFunctionExists.c.o   -c /usr/share/cmake-3.16/Modules/CheckFunctionExists.c
Linking C executable cmTC_d4277
/usr/bin/cmake -E cmake_link_script CMakeFiles/cmTC_d4277.dir/link.txt --verbose=1
/home/grt/ls/reality/depends/rk3266/host/bin/aarch64-linux-gcc  -std=gnu99 -Wno-format-zero-length -DCHECK_FUNCTION_EXISTS=pthread_create    -rdynamic -Wl,-rpath-link,/home/grt/ls/reality/depends/rk3266/common/arm64/lib CMakeFiles/cmTC_d4277.dir/CheckFunctionExists.c.o  -o cmTC_d4277  -lpthreads 
/home/grt/ls/reality/depends/rk3266/host/bin/../lib/gcc/aarch64-rk3326-linux-gnu/10.3.0/../../../../aarch64-rk3326-linux-gnu/bin/ld: cannot find -lpthreads
collect2: error: ld returned 1 exit status
make[1]: *** [CMakeFiles/cmTC_d4277.dir/build.make:87: cmTC_d4277] Error 1
make[1]: Leaving directory '/home/grt/ls/reality/depends/third_party/lcm2/build_rk3326/CMakeFiles/CMakeTmp'
make: *** [Makefile:121: cmTC_d4277/fast] Error 2



